#
# There is insufficient memory for the Java Runtime Environment to continue.
# Native memory allocation (malloc) failed to allocate 579696 bytes for Chunk::new
# Possible reasons:
#   The system is out of physical RAM or swap space
#   The process is running with CompressedOops enabled, and the Java Heap may be blocking the growth of the native heap
# Possible solutions:
#   Reduce memory load on the system
#   Increase physical memory or swap space
#   Check if swap backing store is full
#   Decrease Java heap size (-Xmx/-Xms)
#   Decrease number of Java threads
#   Decrease Java thread stack sizes (-Xss)
#   Set larger code cache with -XX:ReservedCodeCacheSize=
#   JVM is running with Unscaled Compressed Oops mode in which the Java heap is
#     placed in the first 4GB address space. The Java Heap base address is the
#     maximum limit for the native heap growth. Please use -XX:HeapBaseMinAddress
#     to set the Java Heap base and to place the Java Heap above 4GB virtual address.
# This output file may be truncated or incomplete.
#
#  Out of Memory Error (allocation.cpp:389), pid=24756, tid=0x00000000000010b4
#
# JRE version: OpenJDK Runtime Environment (8.0_242-b01) (build 1.8.0_242-release-1644-b01)
# Java VM: OpenJDK 64-Bit Server VM (25.242-b01 mixed mode windows-amd64 compressed oops)
# Failed to write core dump. Minidumps are not enabled by default on client versions of Windows
#

---------------  T H R E A D  ---------------

Current thread (0x000000001997d800):  JavaThread "C2 CompilerThread6" daemon [_thread_in_native, id=4276, stack(0x000000001bbc0000,0x000000001bcc0000)]

Stack: [0x000000001bbc0000,0x000000001bcc0000]
[error occurred during error reporting (printing stack bounds), id 0xc0000005]

Native frames: (J=compiled Java code, j=interpreted, Vv=VM code, C=native code)


Current CompileTask:
C2:   7468 5759       4       sun.reflect.generics.parser.SignatureParser::parsePackageNameAndSimpleClassTypeSignature (139 bytes)


---------------  P R O C E S S  ---------------

Java Threads: ( => current thread )
  0x0000000025650800 JavaThread "pool-1-thread-1" [_thread_blocked, id=29396, stack(0x000000002d250000,0x000000002d350000)]
  0x000000002564f000 JavaThread "jar transforms Thread 92" [_thread_blocked, id=19632, stack(0x000000002cf50000,0x000000002d050000)]
  0x0000000025652000 JavaThread "jar transforms Thread 91" [_thread_blocked, id=3424, stack(0x000000002ce50000,0x000000002cf50000)]
  0x0000000025649000 JavaThread "jar transforms Thread 90" [_thread_blocked, id=30008, stack(0x000000002cd50000,0x000000002ce50000)]
  0x0000000025647800 JavaThread "jar transforms Thread 89" [_thread_blocked, id=13136, stack(0x000000002cc50000,0x000000002cd50000)]
  0x000000002564b000 JavaThread "jar transforms Thread 88" [_thread_blocked, id=16464, stack(0x000000002cb50000,0x000000002cc50000)]
  0x0000000025649800 JavaThread "jar transforms Thread 87" [_thread_blocked, id=18804, stack(0x000000002ca50000,0x000000002cb50000)]
  0x000000002564e000 JavaThread "jar transforms Thread 86" [_thread_blocked, id=30368, stack(0x000000002c950000,0x000000002ca50000)]
  0x000000002564c800 JavaThread "jar transforms Thread 85" [_thread_blocked, id=28972, stack(0x000000002c850000,0x000000002c950000)]
  0x0000000025648000 JavaThread "jar transforms Thread 84" [_thread_blocked, id=29304, stack(0x000000002c750000,0x000000002c850000)]
  0x000000002564a800 JavaThread "jar transforms Thread 83" [_thread_blocked, id=23244, stack(0x000000002c550000,0x000000002c650000)]
  0x0000000025608800 JavaThread "jar transforms Thread 82" [_thread_blocked, id=30568, stack(0x000000002c450000,0x000000002c550000)]
  0x000000002560e000 JavaThread "jar transforms Thread 81" [_thread_blocked, id=8136, stack(0x000000002c350000,0x000000002c450000)]
  0x000000002560d000 JavaThread "jar transforms Thread 80" [_thread_blocked, id=27116, stack(0x000000002c250000,0x000000002c350000)]
  0x000000002560b000 JavaThread "jar transforms Thread 79" [_thread_blocked, id=21568, stack(0x000000002c150000,0x000000002c250000)]
  0x000000002560a000 JavaThread "jar transforms Thread 78" [_thread_blocked, id=25180, stack(0x000000002c050000,0x000000002c150000)]
  0x000000002560c800 JavaThread "jar transforms Thread 77" [_thread_blocked, id=24908, stack(0x000000002bf50000,0x000000002c050000)]
  0x0000000025608000 JavaThread "jar transforms Thread 76" [_thread_blocked, id=24048, stack(0x000000002be50000,0x000000002bf50000)]
  0x000000002560b800 JavaThread "jar transforms Thread 75" [_thread_blocked, id=16268, stack(0x000000002bd50000,0x000000002be50000)]
  0x0000000025607000 JavaThread "jar transforms Thread 74" [_thread_blocked, id=7992, stack(0x000000002bc50000,0x000000002bd50000)]
  0x0000000025609800 JavaThread "jar transforms Thread 73" [_thread_blocked, id=29848, stack(0x000000002bb50000,0x000000002bc50000)]
  0x00000000255ff800 JavaThread "jar transforms Thread 72" [_thread_blocked, id=148, stack(0x000000002ba50000,0x000000002bb50000)]
  0x0000000025604000 JavaThread "jar transforms Thread 71" [_thread_blocked, id=19604, stack(0x000000002b950000,0x000000002ba50000)]
  0x0000000025606800 JavaThread "jar transforms Thread 70" [_thread_blocked, id=14356, stack(0x000000002b850000,0x000000002b950000)]
  0x00000000255ff000 JavaThread "jar transforms Thread 69" [_thread_blocked, id=27156, stack(0x000000002b750000,0x000000002b850000)]
  0x0000000025605800 JavaThread "jar transforms Thread 68" [_thread_blocked, id=28636, stack(0x000000002b650000,0x000000002b750000)]
  0x0000000025600800 JavaThread "jar transforms Thread 67" [_thread_blocked, id=10492, stack(0x000000002b550000,0x000000002b650000)]
  0x0000000025605000 JavaThread "jar transforms Thread 66" [_thread_blocked, id=18860, stack(0x000000002b450000,0x000000002b550000)]
  0x0000000025603800 JavaThread "jar transforms Thread 65" [_thread_blocked, id=27676, stack(0x000000002b350000,0x000000002b450000)]
  0x0000000025602800 JavaThread "jar transforms Thread 64" [_thread_blocked, id=19048, stack(0x000000002b250000,0x000000002b350000)]
  0x0000000025602000 JavaThread "jar transforms Thread 63" [_thread_blocked, id=30648, stack(0x000000002b150000,0x000000002b250000)]
  0x0000000025601000 JavaThread "jar transforms Thread 62" [_thread_blocked, id=17872, stack(0x000000002b050000,0x000000002b150000)]
  0x00000000256ec800 JavaThread "jar transforms Thread 61" [_thread_blocked, id=29836, stack(0x000000002af50000,0x000000002b050000)]
  0x00000000256eb000 JavaThread "jar transforms Thread 60" [_thread_blocked, id=30112, stack(0x000000002ae50000,0x000000002af50000)]
  0x00000000256ea000 JavaThread "jar transforms Thread 59" [_thread_blocked, id=29940, stack(0x000000002ad50000,0x000000002ae50000)]
  0x00000000256e9800 JavaThread "jar transforms Thread 58" [_thread_blocked, id=21284, stack(0x000000002ac50000,0x000000002ad50000)]
  0x00000000256e8800 JavaThread "jar transforms Thread 57" [_thread_blocked, id=27780, stack(0x000000002ab50000,0x000000002ac50000)]
  0x00000000256eb800 JavaThread "jar transforms Thread 56" [_thread_blocked, id=23248, stack(0x000000002aa50000,0x000000002ab50000)]
  0x00000000256ed000 JavaThread "jar transforms Thread 55" [_thread_blocked, id=19124, stack(0x000000002a950000,0x000000002aa50000)]
  0x00000000256e8000 JavaThread "jar transforms Thread 54" [_thread_blocked, id=29076, stack(0x000000002a850000,0x000000002a950000)]
  0x00000000256ee000 JavaThread "jar transforms Thread 53" [_thread_blocked, id=30080, stack(0x000000002a750000,0x000000002a850000)]
  0x00000000256e0800 JavaThread "jar transforms Thread 52" [_thread_blocked, id=17004, stack(0x000000002a650000,0x000000002a750000)]
  0x00000000256e7000 JavaThread "jar transforms Thread 51" [_thread_blocked, id=12220, stack(0x000000002a550000,0x000000002a650000)]
  0x00000000256df800 JavaThread "jar transforms Thread 50" [_thread_blocked, id=9492, stack(0x000000002a450000,0x000000002a550000)]
  0x00000000256e5800 JavaThread "jar transforms Thread 49" [_thread_blocked, id=12784, stack(0x000000002a350000,0x000000002a450000)]
  0x00000000256e6800 JavaThread "jar transforms Thread 48" [_thread_blocked, id=18816, stack(0x000000002a250000,0x000000002a350000)]
  0x00000000256e3800 JavaThread "jar transforms Thread 47" [_thread_blocked, id=27776, stack(0x000000002a150000,0x000000002a250000)]
  0x00000000256e2800 JavaThread "jar transforms Thread 46" [_thread_blocked, id=13656, stack(0x000000002a050000,0x000000002a150000)]
  0x00000000256e4000 JavaThread "jar transforms Thread 45" [_thread_blocked, id=14076, stack(0x0000000029f50000,0x000000002a050000)]
  0x00000000256df000 JavaThread "jar transforms Thread 44" [_thread_blocked, id=17172, stack(0x0000000029e50000,0x0000000029f50000)]
  0x00000000256e2000 JavaThread "jar transforms Thread 43" [_thread_blocked, id=11232, stack(0x0000000029d50000,0x0000000029e50000)]
  0x00000000256e1000 JavaThread "jar transforms Thread 42" [_thread_blocked, id=8544, stack(0x0000000029c50000,0x0000000029d50000)]
  0x00000000256e5000 JavaThread "jar transforms Thread 41" [_thread_blocked, id=14492, stack(0x0000000029b50000,0x0000000029c50000)]
  0x0000000021890800 JavaThread "jar transforms Thread 40" [_thread_blocked, id=29684, stack(0x0000000029a50000,0x0000000029b50000)]
  0x000000002188f800 JavaThread "jar transforms Thread 39" [_thread_blocked, id=9292, stack(0x0000000029950000,0x0000000029a50000)]
  0x000000002188f000 JavaThread "jar transforms Thread 38" [_thread_blocked, id=20008, stack(0x0000000029850000,0x0000000029950000)]
  0x000000002188b000 JavaThread "jar transforms Thread 37" [_thread_blocked, id=17496, stack(0x0000000029750000,0x0000000029850000)]
  0x000000002188d800 JavaThread "jar transforms Thread 36" [_thread_blocked, id=30236, stack(0x0000000029650000,0x0000000029750000)]
  0x000000002188e000 JavaThread "jar transforms Thread 35" [_thread_blocked, id=11908, stack(0x0000000029550000,0x0000000029650000)]
  0x000000002188c800 JavaThread "jar transforms Thread 34" [_thread_blocked, id=19168, stack(0x0000000029450000,0x0000000029550000)]
  0x000000002188c000 JavaThread "jar transforms Thread 33" [_thread_blocked, id=30712, stack(0x0000000029350000,0x0000000029450000)]
  0x0000000021883800 JavaThread "jar transforms Thread 32" [_thread_blocked, id=26008, stack(0x0000000029250000,0x0000000029350000)]
  0x000000002188a800 JavaThread "jar transforms Thread 31" [_thread_blocked, id=17336, stack(0x0000000029150000,0x0000000029250000)]
  0x0000000021882800 JavaThread "jar transforms Thread 30" [_thread_blocked, id=27216, stack(0x0000000029050000,0x0000000029150000)]
  0x0000000021889800 JavaThread "jar transforms Thread 29" [_thread_blocked, id=20120, stack(0x0000000028f50000,0x0000000029050000)]
  0x0000000021882000 JavaThread "jar transforms Thread 28" [_thread_blocked, id=9572, stack(0x0000000028e50000,0x0000000028f50000)]
  0x0000000021889000 JavaThread "jar transforms Thread 27" [_thread_blocked, id=19656, stack(0x0000000028d50000,0x0000000028e50000)]
  0x0000000021888000 JavaThread "jar transforms Thread 26" [_thread_blocked, id=19684, stack(0x0000000028c50000,0x0000000028d50000)]
  0x0000000021886800 JavaThread "Build operations Thread 16" [_thread_blocked, id=28812, stack(0x0000000028950000,0x0000000028a50000)]
  0x0000000021885000 JavaThread "Build operations Thread 15" [_thread_blocked, id=10412, stack(0x0000000028850000,0x0000000028950000)]
  0x0000000021885800 JavaThread "Build operations Thread 14" [_thread_blocked, id=24060, stack(0x0000000028750000,0x0000000028850000)]
  0x0000000021884000 JavaThread "Build operations Thread 13" [_thread_blocked, id=25172, stack(0x0000000028650000,0x0000000028750000)]
  0x0000000021881000 JavaThread "Build operations Thread 12" [_thread_blocked, id=12764, stack(0x0000000028550000,0x0000000028650000)]
  0x0000000021887000 JavaThread "Build operations Thread 11" [_thread_blocked, id=28840, stack(0x0000000028450000,0x0000000028550000)]
  0x0000000021a24800 JavaThread "Build operations Thread 10" [_thread_blocked, id=12792, stack(0x0000000028350000,0x0000000028450000)]
  0x0000000021a23800 JavaThread "Build operations Thread 9" [_thread_blocked, id=11388, stack(0x0000000028250000,0x0000000028350000)]
  0x0000000021a22000 JavaThread "Build operations Thread 8" [_thread_blocked, id=27856, stack(0x0000000028150000,0x0000000028250000)]
  0x0000000021a21800 JavaThread "Build operations Thread 7" [_thread_blocked, id=29660, stack(0x0000000028050000,0x0000000028150000)]
  0x0000000021a20800 JavaThread "Build operations Thread 6" [_thread_blocked, id=13516, stack(0x0000000027f50000,0x0000000028050000)]
  0x0000000021a23000 JavaThread "Build operations Thread 5" [_thread_blocked, id=5264, stack(0x0000000027e50000,0x0000000027f50000)]
  0x0000000021a19000 JavaThread "Build operations Thread 4" [_thread_blocked, id=15676, stack(0x0000000027d50000,0x0000000027e50000)]
  0x0000000021a20000 JavaThread "Build operations Thread 3" [_thread_blocked, id=25500, stack(0x0000000027c50000,0x0000000027d50000)]
  0x0000000021a1f000 JavaThread "Build operations Thread 2" [_thread_blocked, id=29796, stack(0x0000000027b50000,0x0000000027c50000)]
  0x0000000021a1e800 JavaThread "Build operations" [_thread_blocked, id=25236, stack(0x0000000027a50000,0x0000000027b50000)]
  0x0000000021a17000 JavaThread "Cache worker for Build Output Cleanup Cache (D:\SimplePhotoApp\.gradle\buildOutputCleanup)" [_thread_blocked, id=17312, stack(0x00000000250f0000,0x00000000251f0000)]
  0x0000000021a16000 JavaThread "Cache worker for file content cache (C:\Users\Renson Placino\.gradle\caches\6.5\fileContent)" [_thread_blocked, id=28768, stack(0x0000000024ff0000,0x00000000250f0000)]
  0x0000000021a17800 JavaThread "Cache worker for execution history cache (C:\Users\Renson Placino\.gradle\caches\6.5\executionHistory)" [_thread_blocked, id=10984, stack(0x0000000024af0000,0x0000000024bf0000)]
  0x0000000021a1c000 JavaThread "Cache worker for cache directory md-rule (C:\Users\Renson Placino\.gradle\caches\6.5\md-rule)" [_thread_blocked, id=17360, stack(0x00000000247f0000,0x00000000248f0000)]
  0x0000000021a15800 JavaThread "Cache worker for cache directory md-supplier (C:\Users\Renson Placino\.gradle\caches\6.5\md-supplier)" [_thread_blocked, id=16752, stack(0x00000000246f0000,0x00000000247f0000)]
  0x000000001e69a000 JavaThread "Cache worker for checksums cache (D:\SimplePhotoApp\.gradle\checksums)" [_thread_blocked, id=26828, stack(0x00000000245f0000,0x00000000246f0000)]
  0x000000001e6a1000 JavaThread "jar transforms Thread 25" [_thread_blocked, id=19796, stack(0x00000000242f0000,0x00000000243f0000)]
  0x000000001e699800 JavaThread "jar transforms Thread 24" [_thread_blocked, id=28772, stack(0x00000000241f0000,0x00000000242f0000)]
  0x000000001e6a0000 JavaThread "jar transforms Thread 23" [_thread_blocked, id=19752, stack(0x00000000240f0000,0x00000000241f0000)]
  0x000000001e69f800 JavaThread "jar transforms Thread 22" [_thread_blocked, id=11904, stack(0x0000000023ff0000,0x00000000240f0000)]
  0x000000001e69c800 JavaThread "jar transforms Thread 21" [_thread_blocked, id=17464, stack(0x0000000023ef0000,0x0000000023ff0000)]
  0x000000001e698000 JavaThread "jar transforms Thread 20" [_thread_blocked, id=30064, stack(0x0000000023df0000,0x0000000023ef0000)]
  0x000000001e69e800 JavaThread "jar transforms Thread 19" [_thread_blocked, id=1364, stack(0x0000000023cf0000,0x0000000023df0000)]
  0x000000001e69d000 JavaThread "jar transforms Thread 18" [_thread_blocked, id=16780, stack(0x0000000023bf0000,0x0000000023cf0000)]
  0x000000001e69b800 JavaThread "jar transforms Thread 17" [_thread_blocked, id=15844, stack(0x0000000023af0000,0x0000000023bf0000)]
  0x000000001e69e000 JavaThread "jar transforms Thread 16" [_thread_blocked, id=20512, stack(0x00000000239f0000,0x0000000023af0000)]
  0x000000001e69b000 JavaThread "jar transforms Thread 15" [_thread_blocked, id=29592, stack(0x00000000238f0000,0x00000000239f0000)]
  0x000000001e692800 JavaThread "jar transforms Thread 14" [_thread_blocked, id=2032, stack(0x00000000237f0000,0x00000000238f0000)]
  0x000000001e696800 JavaThread "jar transforms Thread 13" [_thread_blocked, id=23316, stack(0x00000000236f0000,0x00000000237f0000)]
  0x000000001e694000 JavaThread "jar transforms Thread 12" [_thread_blocked, id=30320, stack(0x00000000235f0000,0x00000000236f0000)]
  0x000000001e695000 JavaThread "jar transforms Thread 11" [_thread_blocked, id=4396, stack(0x00000000234f0000,0x00000000235f0000)]
  0x000000001e698800 JavaThread "jar transforms Thread 10" [_thread_blocked, id=25284, stack(0x00000000233f0000,0x00000000234f0000)]
  0x000000001e692000 JavaThread "jar transforms Thread 9" [_thread_blocked, id=29892, stack(0x00000000232f0000,0x00000000233f0000)]
  0x000000001e697000 JavaThread "jar transforms Thread 8" [_thread_blocked, id=15460, stack(0x00000000231f0000,0x00000000232f0000)]
  0x000000001e693800 JavaThread "jar transforms Thread 7" [_thread_blocked, id=30052, stack(0x00000000230f0000,0x00000000231f0000)]
  0x000000001e695800 JavaThread "jar transforms Thread 6" [_thread_blocked, id=4876, stack(0x0000000022ff0000,0x00000000230f0000)]
  0x000000001998a800 JavaThread "jar transforms Thread 5" [_thread_blocked, id=30120, stack(0x0000000022ef0000,0x0000000022ff0000)]
  0x0000000019989000 JavaThread "jar transforms Thread 4" [_thread_blocked, id=5320, stack(0x0000000022df0000,0x0000000022ef0000)]
  0x000000001998a000 JavaThread "jar transforms Thread 3" [_thread_blocked, id=12528, stack(0x0000000022cf0000,0x0000000022df0000)]
  0x000000001998d800 JavaThread "jar transforms Thread 2" [_thread_blocked, id=29788, stack(0x00000000229f0000,0x0000000022af0000)]
  0x000000001998d000 JavaThread "jar transforms" [_thread_blocked, id=5328, stack(0x00000000227f0000,0x00000000228f0000)]
  0x000000001998b800 JavaThread "Cache worker for file hash cache (D:\SimplePhotoApp\.gradle\6.5\fileHashes)" [_thread_blocked, id=23328, stack(0x00000000226f0000,0x00000000227f0000)]
  0x000000001998c000 JavaThread "Cache worker for file hash cache (C:\Users\Renson Placino\.gradle\caches\6.5\fileHashes)" [_thread_blocked, id=17836, stack(0x0000000020450000,0x0000000020550000)]
  0x0000000019990000 JavaThread "File lock request listener" [_thread_in_native, id=21352, stack(0x0000000020350000,0x0000000020450000)]
  0x000000001e046800 JavaThread "Cache worker for journal cache (C:\Users\Renson Placino\.gradle\caches\journal-1)" [_thread_blocked, id=18616, stack(0x0000000020250000,0x0000000020350000)]
  0x000000001ddc1800 JavaThread "Thread-9" [_thread_blocked, id=28068, stack(0x000000001ff50000,0x0000000020050000)]
  0x000000001ddbe800 JavaThread "Stdin handler" [_thread_blocked, id=30292, stack(0x000000001fe50000,0x000000001ff50000)]
  0x000000001ddbd000 JavaThread "Asynchronous log dispatcher for DefaultDaemonConnection: socket connection from /127.0.0.1:52315 to /127.0.0.1:52316" [_thread_blocked, id=27704, stack(0x000000001fd50000,0x000000001fe50000)]
  0x000000001da16800 JavaThread "Daemon worker" [_thread_in_Java, id=12752, stack(0x000000001fc50000,0x000000001fd50000)]
  0x000000001ddba800 JavaThread "Cancel handler" [_thread_blocked, id=19020, stack(0x000000001fb50000,0x000000001fc50000)]
  0x000000001d81d800 JavaThread "Handler for socket connection from /127.0.0.1:52315 to /127.0.0.1:52316" [_thread_in_native, id=23236, stack(0x000000001fa50000,0x000000001fb50000)]
  0x000000001c62e800 JavaThread "Daemon" [_thread_blocked, id=7128, stack(0x000000001f950000,0x000000001fa50000)]
  0x000000001d2f6800 JavaThread "Daemon periodic checks" [_thread_blocked, id=30096, stack(0x000000001f650000,0x000000001f750000)]
  0x000000001d2f4000 JavaThread "Incoming local TCP Connector on port 52315" [_thread_in_native, id=30392, stack(0x000000001f410000,0x000000001f510000)]
  0x000000001d990000 JavaThread "Daemon health stats" [_thread_blocked, id=28312, stack(0x000000001edd0000,0x000000001eed0000)]
  0x0000000019a51000 JavaThread "Service Thread" daemon [_thread_blocked, id=16848, stack(0x000000001c1c0000,0x000000001c2c0000)]
  0x000000001998f000 JavaThread "C1 CompilerThread11" daemon [_thread_blocked, id=16380, stack(0x000000001c0c0000,0x000000001c1c0000)]
  0x000000001998e800 JavaThread "C1 CompilerThread10" daemon [_thread_in_vm, id=13100, stack(0x000000001bfc0000,0x000000001c0c0000)]
  0x0000000019988000 JavaThread "C1 CompilerThread9" daemon [_thread_blocked, id=28236, stack(0x000000001bec0000,0x000000001bfc0000)]
  0x0000000019986800 JavaThread "C1 CompilerThread8" daemon [_thread_in_native, id=28412, stack(0x000000001bdc0000,0x000000001bec0000)]
  0x0000000019982000 JavaThread "C2 CompilerThread7" daemon [_thread_blocked, id=29212, stack(0x000000001bcc0000,0x000000001bdc0000)]
=>0x000000001997d800 JavaThread "C2 CompilerThread6" daemon [_thread_in_native, id=4276, stack(0x000000001bbc0000,0x000000001bcc0000)]
  0x000000001997a800 JavaThread "C2 CompilerThread5" daemon [_thread_blocked, id=29764, stack(0x000000001bac0000,0x000000001bbc0000)]
  0x000000001997a000 JavaThread "C2 CompilerThread4" daemon [_thread_in_native, id=15848, stack(0x000000001b9c0000,0x000000001bac0000)]
  0x0000000019979000 JavaThread "C2 CompilerThread3" daemon [_thread_blocked, id=13080, stack(0x000000001b8c0000,0x000000001b9c0000)]
  0x0000000019976800 JavaThread "C2 CompilerThread2" daemon [_thread_blocked, id=30156, stack(0x000000001b7c0000,0x000000001b8c0000)]
  0x0000000019975800 JavaThread "C2 CompilerThread1" daemon [_thread_blocked, id=16800, stack(0x000000001b6c0000,0x000000001b7c0000)]
  0x0000000019972800 JavaThread "C2 CompilerThread0" daemon [_thread_blocked, id=12036, stack(0x000000001b5c0000,0x000000001b6c0000)]
  0x0000000019972000 JavaThread "Attach Listener" daemon [_thread_blocked, id=14688, stack(0x000000001b4c0000,0x000000001b5c0000)]
  0x000000001996d000 JavaThread "Signal Dispatcher" daemon [_thread_blocked, id=14300, stack(0x000000001b3c0000,0x000000001b4c0000)]
  0x0000000017f04800 JavaThread "Finalizer" daemon [_thread_blocked, id=14752, stack(0x000000001b1c0000,0x000000001b2c0000)]
  0x0000000019956000 JavaThread "Reference Handler" daemon [_thread_blocked, id=1580, stack(0x000000001b0c0000,0x000000001b1c0000)]
  0x000000000277e000 JavaThread "main" [_thread_blocked, id=9036, stack(0x0000000002790000,0x0000000002890000)]

Other Threads:
  0x0000000019931800 VMThread [stack: 0x000000001afc0000,0x000000001b0c0000] [id=14272]
  0x0000000019a55800 WatcherThread [stack: 0x000000001c2c0000,0x000000001c3c0000] [id=29876]

VM state:not at safepoint (normal execution)

VM Mutex/Monitor currently owned by a thread:  ([mutex/lock_event])
[0x000000000277cae0] CodeCache_lock - owner thread: 0x000000001998e800
[0x0000000002890ad0] Compile_lock - owner thread: 0x000000001998e800
[0x0000000002890bd0] MethodCompileQueue_lock - owner thread: 0x0000000000000000

heap address: 0x0000000080000000, size: 2048 MB, Compressed Oops mode: 32-bit
Narrow klass base: 0x0000000000000000, Narrow klass shift: 3
Compressed class space size: 1073741824 Address: 0x0000000100000000

Heap:
 PSYoungGen      total 262144K, used 19873K [0x00000000d5580000, 0x00000000e7300000, 0x0000000100000000)
  eden space 245248K, 8% used [0x00000000d5580000,0x00000000d68e87b8,0x00000000e4500000)
  from space 16896K, 0% used [0x00000000e5a80000,0x00000000e5a80000,0x00000000e6b00000)
  to   space 22016K, 0% used [0x00000000e4500000,0x00000000e4500000,0x00000000e5a80000)
 ParOldGen       total 133632K, used 36673K [0x0000000080000000, 0x0000000088280000, 0x00000000d5580000)
  object space 133632K, 27% used [0x0000000080000000,0x00000000823d0540,0x0000000088280000)
 Metaspace       used 56994K, capacity 59412K, committed 59864K, reserved 1101824K
  class space    used 7778K, capacity 8303K, committed 8448K, reserved 1048576K

Card table byte_map: [0x0000000011d50000,0x0000000012160000] byte_map_base: 0x0000000011950000

Marking Bits: (ParMarkBitMap*) 0x00000000734cf030
 Begin Bits: [0x0000000013110000, 0x0000000015110000)
 End Bits:   [0x0000000015110000, 0x0000000017110000)

Polling page: 0x0000000000ec0000

CodeCache: size=245760Kb used=19625Kb max_used=19630Kb free=226134Kb
 bounds [0x0000000002990000, 0x0000000003cd0000, 0x0000000011990000]
 total_blobs=6049 nmethods=5277 adapters=682
 compilation: enabled

Compilation events (10 events):
Event: 7.435 Thread 0x000000001998e800 5850       3       java.util.LinkedList::checkElementIndex (22 bytes)
Event: 7.435 Thread 0x0000000019988000 5851       3       java.util.LinkedList::isElementIndex (18 bytes)
Event: 7.435 Thread 0x0000000019986800 nmethod 5844 0x00000000032ed050 code [0x00000000032ed300, 0x00000000032ee4b8]
Event: 7.435 Thread 0x000000001998f000 nmethod 5849 0x00000000032ec8d0 code [0x00000000032eca60, 0x00000000032ecf18]
Event: 7.435 Thread 0x0000000019988000 nmethod 5851 0x00000000032ec510 code [0x00000000032ec660, 0x00000000032ec850]
Event: 7.435 Thread 0x000000001998f000 5852       3       org.gradle.api.internal.DefaultDomainObjectCollection::add (25 bytes)
Event: 7.435 Thread 0x000000001998f000 nmethod 5852 0x00000000032ebb90 code [0x00000000032ebd40, 0x00000000032ec348]
Event: 7.435 Thread 0x000000001998e800 nmethod 5850 0x00000000032ea7d0 code [0x00000000032ea9e0, 0x00000000032eb5b8]
Event: 7.441 Thread 0x0000000019979000 nmethod 5843 0x0000000003cbaf50 code [0x0000000003cbb0e0, 0x0000000003cbbc38]
Event: 7.442 Thread 0x0000000019972800 nmethod 5821 0x0000000003cc08d0 code [0x0000000003cc0b00, 0x0000000003cc1540]

GC Heap History (10 events):
Event: 3.949 GC heap before
{Heap before GC invocations=9 (full 1):
 PSYoungGen      total 134144K, used 54969K [0x00000000d5580000, 0x00000000e2d80000, 0x0000000100000000)
  eden space 122880K, 35% used [0x00000000d5580000,0x00000000d8034d18,0x00000000dcd80000)
  from space 11264K, 99% used [0x00000000dcd80000,0x00000000dd879848,0x00000000dd880000)
  to   space 13824K, 0% used [0x00000000e2000000,0x00000000e2000000,0x00000000e2d80000)
 ParOldGen       total 56832K, used 9469K [0x0000000080000000, 0x0000000083780000, 0x00000000d5580000)
  object space 56832K, 16% used [0x0000000080000000,0x000000008093f790,0x0000000083780000)
 Metaspace       used 33961K, capacity 35238K, committed 35416K, reserved 1079296K
  class space    used 4567K, capacity 4876K, committed 4992K, reserved 1048576K
Event: 3.956 GC heap after
Heap after GC invocations=9 (full 1):
 PSYoungGen      total 206336K, used 8513K [0x00000000d5580000, 0x00000000e2d00000, 0x0000000100000000)
  eden space 193024K, 0% used [0x00000000d5580000,0x00000000d5580000,0x00000000e1200000)
  from space 13312K, 63% used [0x00000000e2000000,0x00000000e28505b0,0x00000000e2d00000)
  to   space 13824K, 0% used [0x00000000e1200000,0x00000000e1200000,0x00000000e1f80000)
 ParOldGen       total 56832K, used 9477K [0x0000000080000000, 0x0000000083780000, 0x00000000d5580000)
  object space 56832K, 16% used [0x0000000080000000,0x0000000080941790,0x0000000083780000)
 Metaspace       used 33961K, capacity 35238K, committed 35416K, reserved 1079296K
  class space    used 4567K, capacity 4876K, committed 4992K, reserved 1048576K
}
Event: 3.956 GC heap before
{Heap before GC invocations=10 (full 2):
 PSYoungGen      total 206336K, used 8513K [0x00000000d5580000, 0x00000000e2d00000, 0x0000000100000000)
  eden space 193024K, 0% used [0x00000000d5580000,0x00000000d5580000,0x00000000e1200000)
  from space 13312K, 63% used [0x00000000e2000000,0x00000000e28505b0,0x00000000e2d00000)
  to   space 13824K, 0% used [0x00000000e1200000,0x00000000e1200000,0x00000000e1f80000)
 ParOldGen       total 56832K, used 9477K [0x0000000080000000, 0x0000000083780000, 0x00000000d5580000)
  object space 56832K, 16% used [0x0000000080000000,0x0000000080941790,0x0000000083780000)
 Metaspace       used 33961K, capacity 35238K, committed 35416K, reserved 1079296K
  class space    used 4567K, capacity 4876K, committed 4992K, reserved 1048576K
Event: 3.984 GC heap after
Heap after GC invocations=10 (full 2):
 PSYoungGen      total 206336K, used 0K [0x00000000d5580000, 0x00000000e2d00000, 0x0000000100000000)
  eden space 193024K, 0% used [0x00000000d5580000,0x00000000d5580000,0x00000000e1200000)
  from space 13312K, 0% used [0x00000000e2000000,0x00000000e2000000,0x00000000e2d00000)
  to   space 13824K, 0% used [0x00000000e1200000,0x00000000e1200000,0x00000000e1f80000)
 ParOldGen       total 83968K, used 14761K [0x0000000080000000, 0x0000000085200000, 0x00000000d5580000)
  object space 83968K, 17% used [0x0000000080000000,0x0000000080e6a518,0x0000000085200000)
 Metaspace       used 33961K, capacity 35238K, committed 35416K, reserved 1079296K
  class space    used 4567K, capacity 4876K, committed 4992K, reserved 1048576K
}
Event: 5.698 GC heap before
{Heap before GC invocations=11 (full 2):
 PSYoungGen      total 206336K, used 193024K [0x00000000d5580000, 0x00000000e2d00000, 0x0000000100000000)
  eden space 193024K, 100% used [0x00000000d5580000,0x00000000e1200000,0x00000000e1200000)
  from space 13312K, 0% used [0x00000000e2000000,0x00000000e2000000,0x00000000e2d00000)
  to   space 13824K, 0% used [0x00000000e1200000,0x00000000e1200000,0x00000000e1f80000)
 ParOldGen       total 83968K, used 14761K [0x0000000080000000, 0x0000000085200000, 0x00000000d5580000)
  object space 83968K, 17% used [0x0000000080000000,0x0000000080e6a518,0x0000000085200000)
 Metaspace       used 45521K, capacity 47694K, committed 48088K, reserved 1091584K
  class space    used 6148K, capacity 6575K, committed 6656K, reserved 1048576K
Event: 5.709 GC heap after
Heap after GC invocations=11 (full 2):
 PSYoungGen      total 206848K, used 13821K [0x00000000d5580000, 0x00000000e6b00000, 0x0000000100000000)
  eden space 193024K, 0% used [0x00000000d5580000,0x00000000d5580000,0x00000000e1200000)
  from space 13824K, 99% used [0x00000000e1200000,0x00000000e1f7f480,0x00000000e1f80000)
  to   space 16896K, 0% used [0x00000000e5a80000,0x00000000e5a80000,0x00000000e6b00000)
 ParOldGen       total 83968K, used 17850K [0x0000000080000000, 0x0000000085200000, 0x00000000d5580000)
  object space 83968K, 21% used [0x0000000080000000,0x000000008116e838,0x0000000085200000)
 Metaspace       used 45521K, capacity 47694K, committed 48088K, reserved 1091584K
  class space    used 6148K, capacity 6575K, committed 6656K, reserved 1048576K
}
Event: 7.207 GC heap before
{Heap before GC invocations=12 (full 2):
 PSYoungGen      total 206848K, used 149608K [0x00000000d5580000, 0x00000000e6b00000, 0x0000000100000000)
  eden space 193024K, 70% used [0x00000000d5580000,0x00000000dda1ac10,0x00000000e1200000)
  from space 13824K, 99% used [0x00000000e1200000,0x00000000e1f7f480,0x00000000e1f80000)
  to   space 16896K, 0% used [0x00000000e5a80000,0x00000000e5a80000,0x00000000e6b00000)
 ParOldGen       total 83968K, used 17850K [0x0000000080000000, 0x0000000085200000, 0x00000000d5580000)
  object space 83968K, 21% used [0x0000000080000000,0x000000008116e838,0x0000000085200000)
 Metaspace       used 56419K, capacity 58982K, committed 59028K, reserved 1099776K
  class space    used 7669K, capacity 8168K, committed 8192K, reserved 1048576K
Event: 7.221 GC heap after
Heap after GC invocations=12 (full 2):
 PSYoungGen      total 262144K, used 16876K [0x00000000d5580000, 0x00000000e7300000, 0x0000000100000000)
  eden space 245248K, 0% used [0x00000000d5580000,0x00000000d5580000,0x00000000e4500000)
  from space 16896K, 99% used [0x00000000e5a80000,0x00000000e6afb310,0x00000000e6b00000)
  to   space 22016K, 0% used [0x00000000e4500000,0x00000000e4500000,0x00000000e5a80000)
 ParOldGen       total 83968K, used 25244K [0x0000000080000000, 0x0000000085200000, 0x00000000d5580000)
  object space 83968K, 30% used [0x0000000080000000,0x00000000818a7218,0x0000000085200000)
 Metaspace       used 56419K, capacity 58982K, committed 59028K, reserved 1099776K
  class space    used 7669K, capacity 8168K, committed 8192K, reserved 1048576K
}
Event: 7.221 GC heap before
{Heap before GC invocations=13 (full 3):
 PSYoungGen      total 262144K, used 16876K [0x00000000d5580000, 0x00000000e7300000, 0x0000000100000000)
  eden space 245248K, 0% used [0x00000000d5580000,0x00000000d5580000,0x00000000e4500000)
  from space 16896K, 99% used [0x00000000e5a80000,0x00000000e6afb310,0x00000000e6b00000)
  to   space 22016K, 0% used [0x00000000e4500000,0x00000000e4500000,0x00000000e5a80000)
 ParOldGen       total 83968K, used 25244K [0x0000000080000000, 0x0000000085200000, 0x00000000d5580000)
  object space 83968K, 30% used [0x0000000080000000,0x00000000818a7218,0x0000000085200000)
 Metaspace       used 56419K, capacity 58982K, committed 59028K, reserved 1099776K
  class space    used 7669K, capacity 8168K, committed 8192K, reserved 1048576K
Event: 7.354 GC heap after
Heap after GC invocations=13 (full 3):
 PSYoungGen      total 262144K, used 0K [0x00000000d5580000, 0x00000000e7300000, 0x0000000100000000)
  eden space 245248K, 0% used [0x00000000d5580000,0x00000000d5580000,0x00000000e4500000)
  from space 16896K, 0% used [0x00000000e5a80000,0x00000000e5a80000,0x00000000e6b00000)
  to   space 22016K, 0% used [0x00000000e4500000,0x00000000e4500000,0x00000000e5a80000)
 ParOldGen       total 133632K, used 36673K [0x0000000080000000, 0x0000000088280000, 0x00000000d5580000)
  object space 133632K, 27% used [0x0000000080000000,0x00000000823d0540,0x0000000088280000)
 Metaspace       used 56346K, capacity 58730K, committed 59028K, reserved 1099776K
  class space    used 7646K, capacity 8126K, committed 8192K, reserved 1048576K
}

Deoptimization events (10 events):
Event: 5.979 Thread 0x000000001da16800 Uncommon trap: reason=bimorphic action=maybe_recompile pc=0x000000000366df18 method=java.util.regex.Pattern$CharProperty.match(Ljava/util/regex/Matcher;ILjava/lang/CharSequence;)Z @ 18
Event: 5.990 Thread 0x000000001da16800 Uncommon trap: reason=bimorphic action=maybe_recompile pc=0x000000000366df18 method=java.util.regex.Pattern$CharProperty.match(Ljava/util/regex/Matcher;ILjava/lang/CharSequence;)Z @ 18
Event: 6.097 Thread 0x000000001da16800 Uncommon trap: reason=unstable_if action=reinterpret pc=0x0000000002c46624 method=org.gradle.internal.reflect.PropertyAccessorType.of(Ljava/lang/reflect/Method;)Lorg/gradle/internal/reflect/PropertyAccessorType; @ 56
Event: 6.463 Thread 0x000000001da16800 Uncommon trap: reason=unstable_if action=reinterpret pc=0x0000000002d992f4 method=com.sun.org.apache.xerces.internal.impl.XMLEntityScanner.checkBeforeLoad(Lcom/sun/xml/internal/stream/Entity$ScannedEntity;II)I @ 18
Event: 6.520 Thread 0x000000001da16800 Uncommon trap: reason=unstable_if action=reinterpret pc=0x0000000003ad28b4 method=org.gradle.internal.instantiation.generator.AbstractClassGenerator$InjectionAnnotationValidator.validateMethod(Ljava/lang/reflect/Method;Lorg/gradle/internal/reflect/Propert
Event: 6.520 Thread 0x000000001da16800 Uncommon trap: reason=unstable_if action=reinterpret pc=0x0000000003ade91c method=org.gradle.internal.instantiation.generator.AbstractClassGenerator$InjectionAnnotationValidator.validateMethod(Ljava/lang/reflect/Method;Lorg/gradle/internal/reflect/Propert
Event: 6.577 Thread 0x000000001da16800 Uncommon trap: reason=null_check action=make_not_entrant pc=0x000000000341ce44 method=java.lang.Class.searchMethods([Ljava/lang/reflect/Method;Ljava/lang/String;[Ljava/lang/Class;)Ljava/lang/reflect/Method; @ 59
Event: 6.637 Thread 0x000000001da16800 Uncommon trap: reason=unstable_if action=reinterpret pc=0x0000000003aab4b4 method=groovy.lang.MetaClassImpl.filterPropertyMethod(Ljava/lang/Object;ZZ)Ljava/lang/Object; @ 72
Event: 7.149 Thread 0x000000001da16800 Uncommon trap: reason=unstable_if action=reinterpret pc=0x0000000002e7042c method=sun.misc.MetaIndex.mayContain(Ljava/lang/String;)Z @ 38
Event: 7.150 Thread 0x000000001da16800 Uncommon trap: reason=unstable_if action=reinterpret pc=0x0000000003710388 method=java.security.CodeSource.hashCode()I @ 4

Classes redefined (0 events):
No events

Internal exceptions (10 events):
Event: 6.655 Thread 0x000000001da16800 Exception <a 'java/lang/ClassNotFoundException': com/android/build/gradle/internal/CompileOptionsBeanInfo> (0x00000000db5b67f8) thrown at [C:\src\AOSP-openjdk-git\hotspot\src\share\vm\classfile\systemDictionary.cpp, line 210]
Event: 6.655 Thread 0x000000001da16800 Exception <a 'java/lang/ClassNotFoundException': com/android/build/gradle/internal/CompileOptionsCustomizer> (0x00000000db5d1c30) thrown at [C:\src\AOSP-openjdk-git\hotspot\src\share\vm\classfile\systemDictionary.cpp, line 210]
Event: 6.656 Thread 0x000000001da16800 Exception <a 'java/lang/ClassNotFoundException': com/android/build/gradle/internal/CompileOptions_DecoratedCustomizer> (0x00000000db602850) thrown at [C:\src\AOSP-openjdk-git\hotspot\src\share\vm\classfile\systemDictionary.cpp, line 210]
Event: 7.150 Thread 0x000000001da16800 Implicit null exception at 0x0000000003710095 to 0x0000000003710379
Event: 7.413 Thread 0x000000001da16800 Exception <a 'java/lang/ClassNotFoundException': com/android/build/gradle/internal/api/ApkVariantOutputImpl_DecoratedBeanInfo> (0x00000000d5c3a4d0) thrown at [C:\src\AOSP-openjdk-git\hotspot\src\share\vm\classfile\systemDictionary.cpp, line 210]
Event: 7.413 Thread 0x000000001da16800 Exception <a 'java/lang/ClassNotFoundException': com/android/build/gradle/internal/api/ApkVariantOutputImplBeanInfo> (0x00000000d5c57700) thrown at [C:\src\AOSP-openjdk-git\hotspot\src\share\vm\classfile\systemDictionary.cpp, line 210]
Event: 7.414 Thread 0x000000001da16800 Exception <a 'java/lang/ClassNotFoundException': com/android/build/gradle/internal/api/BaseVariantOutputImplBeanInfo> (0x00000000d5c75b38) thrown at [C:\src\AOSP-openjdk-git\hotspot\src\share\vm\classfile\systemDictionary.cpp, line 210]
Event: 7.414 Thread 0x000000001da16800 Exception <a 'java/lang/ClassNotFoundException': com/android/build/gradle/internal/api/BaseVariantOutputImplCustomizer> (0x00000000d5c944d0) thrown at [C:\src\AOSP-openjdk-git\hotspot\src\share\vm\classfile\systemDictionary.cpp, line 210]
Event: 7.414 Thread 0x000000001da16800 Exception <a 'java/lang/ClassNotFoundException': com/android/build/gradle/internal/api/ApkVariantOutputImplCustomizer> (0x00000000d5cccc78) thrown at [C:\src\AOSP-openjdk-git\hotspot\src\share\vm\classfile\systemDictionary.cpp, line 210]
Event: 7.415 Thread 0x000000001da16800 Exception <a 'java/lang/ClassNotFoundException': com/android/build/gradle/internal/api/ApkVariantOutputImpl_DecoratedCustomizer> (0x00000000d5d00a18) thrown at [C:\src\AOSP-openjdk-git\hotspot\src\share\vm\classfile\systemDictionary.cpp, line 210]

Events (10 events):
Event: 7.439 loading class org/gradle/tooling/internal/protocol/PhasedActionResult$Phase
Event: 7.439 loading class org/gradle/tooling/internal/protocol/PhasedActionResult$Phase done
Event: 7.440 loading class org/gradle/tooling/internal/provider/runner/DefaultBuildController
Event: 7.440 loading class org/gradle/tooling/internal/provider/runner/DefaultBuildController done
Event: 7.441 loading class org/gradle/tooling/internal/protocol/InternalUnsupportedModelException
Event: 7.441 loading class org/gradle/tooling/internal/protocol/InternalUnsupportedModelException done
Event: 7.442 loading class org/gradle/tooling/internal/protocol/BuildResult
Event: 7.442 loading class org/gradle/tooling/internal/protocol/BuildResult done
Event: 7.442 loading class org/gradle/tooling/internal/adapter/ProtocolToModelAdapter
Event: 7.442 loading class org/gradle/tooling/internal/adapter/ProtocolToModelAdapter done


Dynamic libraries:
0x00007ff6f8dd0000 - 0x00007ff6f8e01000 	D:\AndroidStudioInstaller\jre\bin\java.exe
0x00007ff86a300000 - 0x00007ff86a4f0000 	C:\Windows\SYSTEM32\ntdll.dll
0x00007ff86a1d0000 - 0x00007ff86a282000 	C:\Windows\System32\KERNEL32.DLL
0x00007ff867650000 - 0x00007ff8678f5000 	C:\Windows\System32\KERNELBASE.dll
0x00007ff869090000 - 0x00007ff869133000 	C:\Windows\System32\ADVAPI32.dll
0x00007ff86a060000 - 0x00007ff86a0fe000 	C:\Windows\System32\msvcrt.dll
0x00007ff869f50000 - 0x00007ff869fe7000 	C:\Windows\System32\sechost.dll
0x00007ff869600000 - 0x00007ff86971f000 	C:\Windows\System32\RPCRT4.dll
0x00007ff869460000 - 0x00007ff8695f4000 	C:\Windows\System32\USER32.dll
0x00007ff868100000 - 0x00007ff868121000 	C:\Windows\System32\win32u.dll
0x00007ff86a290000 - 0x00007ff86a2b6000 	C:\Windows\System32\GDI32.dll
0x00007ff8674b0000 - 0x00007ff867648000 	C:\Windows\System32\gdi32full.dll
0x00007ff868130000 - 0x00007ff8681ce000 	C:\Windows\System32\msvcp_win.dll
0x00007ff868260000 - 0x00007ff86835a000 	C:\Windows\System32\ucrtbase.dll
0x00007ff85a0a0000 - 0x00007ff85a324000 	C:\Windows\WinSxS\amd64_microsoft.windows.common-controls_6595b64144ccf1df_6.0.18362.1316_none_9e7a364fe461dbd7\COMCTL32.dll
0x00007ff868aa0000 - 0x00007ff868dd7000 	C:\Windows\System32\combase.dll
0x00007ff8681d0000 - 0x00007ff868251000 	C:\Windows\System32\bcryptPrimitives.dll
0x00007ff869da0000 - 0x00007ff869dce000 	C:\Windows\System32\IMM32.DLL
0x0000000072ab0000 - 0x0000000072b82000 	D:\AndroidStudioInstaller\jre\jre\bin\msvcr100.dll
0x0000000072d00000 - 0x000000007354b000 	D:\AndroidStudioInstaller\jre\jre\bin\server\jvm.dll
0x00007ff869430000 - 0x00007ff869438000 	C:\Windows\System32\PSAPI.DLL
0x00007ff854a80000 - 0x00007ff854a89000 	C:\Windows\SYSTEM32\WSOCK32.dll
0x00007ff85df70000 - 0x00007ff85df7a000 	C:\Windows\SYSTEM32\VERSION.dll
0x00007ff869bf0000 - 0x00007ff869c5f000 	C:\Windows\System32\WS2_32.dll
0x00007ff865100000 - 0x00007ff865124000 	C:\Windows\SYSTEM32\WINMM.dll
0x00007ff864fe0000 - 0x00007ff86500d000 	C:\Windows\SYSTEM32\WINMMBASE.dll
0x00007ff868360000 - 0x00007ff8683aa000 	C:\Windows\System32\cfgmgr32.dll
0x00007ff85fcd0000 - 0x00007ff85fcdf000 	D:\AndroidStudioInstaller\jre\jre\bin\verify.dll
0x00007ff825310000 - 0x00007ff825339000 	D:\AndroidStudioInstaller\jre\jre\bin\java.dll
0x00007ff85fcb0000 - 0x00007ff85fcc6000 	D:\AndroidStudioInstaller\jre\jre\bin\zip.dll
0x00007ff8683b0000 - 0x00007ff868a98000 	C:\Windows\System32\SHELL32.dll
0x00007ff869140000 - 0x00007ff8691e7000 	C:\Windows\System32\shcore.dll
0x00007ff867900000 - 0x00007ff86807b000 	C:\Windows\System32\windows.storage.dll
0x00007ff867250000 - 0x00007ff867273000 	C:\Windows\System32\profapi.dll
0x00007ff8671e0000 - 0x00007ff86722a000 	C:\Windows\System32\powrprof.dll
0x00007ff8671b0000 - 0x00007ff8671c0000 	C:\Windows\System32\UMPDC.dll
0x00007ff869720000 - 0x00007ff869772000 	C:\Windows\System32\shlwapi.dll
0x00007ff8671c0000 - 0x00007ff8671d1000 	C:\Windows\System32\kernel.appcore.dll
0x00007ff868080000 - 0x00007ff868097000 	C:\Windows\System32\cryptsp.dll
0x00007ff827a90000 - 0x00007ff827aaa000 	D:\AndroidStudioInstaller\jre\jre\bin\net.dll
0x00007ff866990000 - 0x00007ff8669f7000 	C:\Windows\system32\mswsock.dll
0x00007ff8267b0000 - 0x00007ff8267c3000 	D:\AndroidStudioInstaller\jre\jre\bin\nio.dll
0x00007ff848f10000 - 0x00007ff848f37000 	C:\Users\Renson Placino\.gradle\native\f6784746aeab05261644944871eae4fe03e0ef1612fff0a4a95f87b438bc6780\windows-amd64\native-platform.dll
0x00007ff83a2b0000 - 0x00007ff83a2bd000 	D:\AndroidStudioInstaller\jre\jre\bin\management.dll
0x00007ff866510000 - 0x00007ff866543000 	C:\Windows\system32\rsaenh.dll
0x00007ff867280000 - 0x00007ff8672a6000 	C:\Windows\System32\bcrypt.dll
0x00007ff8670d0000 - 0x00007ff8670f5000 	C:\Windows\SYSTEM32\USERENV.dll
0x00007ff866b60000 - 0x00007ff866b6c000 	C:\Windows\SYSTEM32\CRYPTBASE.dll
0x00007ff8666a0000 - 0x00007ff8666da000 	C:\Windows\SYSTEM32\IPHLPAPI.DLL
0x00007ff869420000 - 0x00007ff869428000 	C:\Windows\System32\NSI.dll
0x00007ff8621c0000 - 0x00007ff8621d6000 	C:\Windows\SYSTEM32\dhcpcsvc6.DLL
0x00007ff85e120000 - 0x00007ff85e13c000 	C:\Windows\SYSTEM32\dhcpcsvc.DLL
0x00007ff8666e0000 - 0x00007ff8667ab000 	C:\Windows\SYSTEM32\DNSAPI.dll
0x00007ff85ed10000 - 0x00007ff85ed1b000 	C:\Windows\SYSTEM32\WINNSI.DLL

VM Arguments:
jvm_args: -Xmx2048m -Dfile.encoding=UTF-8 -Duser.country=PH -Duser.language=en -Duser.variant 
java_command: org.gradle.launcher.daemon.bootstrap.GradleDaemon 6.5
java_class_path (initial): C:\Users\Renson Placino\.gradle\wrapper\dists\gradle-6.5-bin\6nifqtx7604sqp1q6g8wikw7p\gradle-6.5\lib\gradle-launcher-6.5.jar
Launcher Type: SUN_STANDARD

Environment Variables:
PATH=C:\Program Files\Common Files\Oracle\Java\javapath;C:\Program Files (x86)\Common Files\Oracle\Java\javapath;C:\Windows\system32;C:\Windows;C:\Windows\System32\Wbem;C:\Windows\System32\WindowsPowerShell\v1.0\;C:\Windows\System32\OpenSSH\;C:\Program Files (x86)\NVIDIA Corporation\PhysX\Common;C:\Program Files\NVIDIA Corporation\NVIDIA NvDLISR;C:\Program Files\IBM\SPSS\Statistics\25\JRE\bin;C:\Program Files\dotnet\;C:\Program Files\Microsoft SQL Server\130\Tools\Binn\;D:\GitHub\Git\cmd;D:\GitHub\Git\mingw64\bin;D:\GitHub\Git\usr\bin;C:\Users\Renson Placino\AppData\Local\Programs\Python\Python39\Scripts\;C:\Users\Renson Placino\AppData\Local\Programs\Python\Python39\;C:\Users\Renson Placino\AppData\Local\Microsoft\WindowsApps;C:\Users\Renson Placino\.dotnet\tools
USERNAME=Renson Placino
OS=Windows_NT
PROCESSOR_IDENTIFIER=AMD64 Family 23 Model 96 Stepping 1, AuthenticAMD



---------------  S Y S T E M  ---------------

OS: Windows 10.0 , 64 bit Build 18362 (10.0.18362.1316)

CPU:total 16 (initial active 16) (16 cores per cpu, 1 threads per core) family 23 model 96 stepping 1, cmov, cx8, fxsr, mmx, sse, sse2, sse3, ssse3, sse4.1, sse4.2, popcnt, avx, avx2, aes, clmul, mmxext, 3dnowpref, lzcnt, sse4a, tsc, tscinvbit, tscinv, bmi1

Memory: 4k page, physical 7781668k(364008k free), swap 31898916k(5308k free)

vm_info: OpenJDK 64-Bit Server VM (25.242-b01) for windows-amd64 JRE (1.8.0_242-release-1644-b01), built by "builder" with MS VC++ 10.0 (VS2010)

time: Sun Jan 24 20:35:56 2021
timezone: China Standard Time
elapsed time: 7 seconds (0d 0h 0m 7s)

